Flow report for Sign_G
Sun Mar 06 16:04:53 2022
Quartus II 64-Bit Version 15.0.0 Build 145 04/22/2015 SJ Full Version


---------------------
; Table of Contents ;
---------------------
  1. Legal Notice
  2. Flow Summary
  3. Flow Settings
  4. Flow Non-Default Global Settings
  5. Flow Elapsed Time
  6. Flow OS Summary
  7. Flow Log
  8. Flow Messages
  9. Flow Suppressed Messages



----------------
; Legal Notice ;
----------------
Copyright (C) 1991-2015 Altera Corporation. All rights reserved.
Your use of Altera Corporation's design tools, logic functions 
and other software and tools, and its AMPP partner logic 
functions, and any output files from any of the foregoing 
(including device programming or simulation files), and any 
associated documentation or information are expressly subject 
to the terms and conditions of the Altera Program License 
Subscription Agreement, the Altera Quartus II License Agreement,
the Altera MegaCore Function License Agreement, or other 
applicable license agreement, including, without limitation, 
that your use is for the sole purpose of programming logic 
devices manufactured by Altera and sold by Altera or its 
authorized distributors.  Please refer to the applicable 
agreement for further details.



+-------------------------------------------------------------------------------+
; Flow Summary                                                                  ;
+---------------------------------+---------------------------------------------+
; Flow Status                     ; Successful - Sun Mar 06 16:04:53 2022       ;
; Quartus II 64-Bit Version       ; 15.0.0 Build 145 04/22/2015 SJ Full Version ;
; Revision Name                   ; Sign_G                                      ;
; Top-level Entity Name           ; Sign_G                                      ;
; Family                          ; Cyclone V                                   ;
; Device                          ; 5CSEBA6U23I7                                ;
; Timing Models                   ; Final                                       ;
; Logic utilization (in ALMs)     ; N/A                                         ;
; Total registers                 ; 2575                                        ;
; Total pins                      ; 10                                          ;
; Total virtual pins              ; 0                                           ;
; Total block memory bits         ; 1,368,320                                   ;
; Total DSP Blocks                ; 3                                           ;
; Total HSSI RX PCSs              ; 0                                           ;
; Total HSSI PMA RX Deserializers ; 0                                           ;
; Total HSSI TX PCSs              ; 0                                           ;
; Total HSSI PMA TX Serializers   ; 0                                           ;
; Total PLLs                      ; 1                                           ;
; Total DLLs                      ; 0                                           ;
+---------------------------------+---------------------------------------------+


+-----------------------------------------+
; Flow Settings                           ;
+-------------------+---------------------+
; Option            ; Setting             ;
+-------------------+---------------------+
; Start date & time ; 03/06/2022 16:03:54 ;
; Main task         ; Compilation         ;
; Revision Name     ; Sign_G              ;
+-------------------+---------------------+


+----------------------------------------------------------------------------------------------------------------------------------------------------------+
; Flow Non-Default Global Settings                                                                                                                         ;
+-------------------------------------+------------------------------------------------------------------+---------------+----------------+----------------+
; Assignment Name                     ; Value                                                            ; Default Value ; Entity Name    ; Section Id     ;
+-------------------------------------+------------------------------------------------------------------+---------------+----------------+----------------+
; COMPILER_SIGNATURE_ID               ; 18623074743881.164655383313044                                   ; --            ; --             ; --             ;
; EDA_OUTPUT_DATA_FORMAT              ; Verilog Hdl                                                      ; --            ; --             ; eda_simulation ;
; EDA_SIMULATION_TOOL                 ; ModelSim-Altera (Verilog)                                        ; <None>        ; --             ; --             ;
; MAX_CORE_JUNCTION_TEMP              ; 100                                                              ; --            ; --             ; --             ;
; MIN_CORE_JUNCTION_TEMP              ; -40                                                              ; --            ; --             ; --             ;
; MISC_FILE                           ; ../qsys/hardware/synthesis/../DE10_NANO_qsys.cmp                 ; --            ; --             ; --             ;
; MISC_FILE                           ; ../qsys/hardware/synthesis/../DE10_NANO_qsys.qsys                ; --            ; --             ; --             ;
; OUTPUT_IO_TIMING_FAR_END_VMEAS      ; Half Signal Swing                                                ; --            ; --             ; --             ;
; OUTPUT_IO_TIMING_FAR_END_VMEAS      ; Half Signal Swing                                                ; --            ; --             ; --             ;
; OUTPUT_IO_TIMING_NEAR_END_VMEAS     ; Half Vccio                                                       ; --            ; --             ; --             ;
; OUTPUT_IO_TIMING_NEAR_END_VMEAS     ; Half Vccio                                                       ; --            ; --             ; --             ;
; PARTITION_COLOR                     ; 16764057                                                         ; --            ; --             ; Top            ;
; PARTITION_FITTER_PRESERVATION_LEVEL ; PLACEMENT_AND_ROUTING                                            ; --            ; --             ; Top            ;
; PARTITION_NETLIST_TYPE              ; SOURCE                                                           ; --            ; --             ; Top            ;
; POWER_BOARD_THERMAL_MODEL           ; None (CONSERVATIVE)                                              ; --            ; --             ; --             ;
; POWER_PRESET_COOLING_SOLUTION       ; 23 MM HEAT SINK WITH 200 LFPM AIRFLOW                            ; --            ; --             ; --             ;
; PROJECT_OUTPUT_DIRECTORY            ; output_files                                                     ; --            ; --             ; --             ;
; SLD_FILE                            ; ../qsys/hardware/synthesis/DE10_NANO_qsys.regmap                 ; --            ; --             ; --             ;
; SLD_FILE                            ; ../qsys/hardware/synthesis/DE10_NANO_qsys.debuginfo              ; --            ; --             ; --             ;
; SLD_INFO                            ; QSYS_NAME DE10_NANO_qsys HAS_SOPCINFO 1 GENERATION_ID 1637742172 ; --            ; DE10_NANO_qsys ; --             ;
; SOPCINFO_FILE                       ; ../qsys/hardware/synthesis/../DE10_NANO_qsys.sopcinfo            ; --            ; --             ; --             ;
; SYNTHESIS_ONLY_QIP                  ; On                                                               ; --            ; --             ; --             ;
+-------------------------------------+------------------------------------------------------------------+---------------+----------------+----------------+


+--------------------------------------------------------------------------------------------------------------------------+
; Flow Elapsed Time                                                                                                        ;
+----------------------+--------------+-------------------------+---------------------+------------------------------------+
; Module Name          ; Elapsed Time ; Average Processors Used ; Peak Virtual Memory ; Total CPU Time (on all processors) ;
+----------------------+--------------+-------------------------+---------------------+------------------------------------+
; Analysis & Synthesis ; 00:00:56     ; 1.0                     ; 5086 MB             ; 00:01:11                           ;
; Total                ; 00:00:56     ; --                      ; --                  ; 00:01:11                           ;
+----------------------+--------------+-------------------------+---------------------+------------------------------------+


+-----------------------------------------------------------------------------------+
; Flow OS Summary                                                                   ;
+----------------------+------------------+-----------+------------+----------------+
; Module Name          ; Machine Hostname ; OS Name   ; OS Version ; Processor type ;
+----------------------+------------------+-----------+------------+----------------+
; Analysis & Synthesis ; LG-PC            ; Windows 7 ; 6.2        ; x86_64         ;
+----------------------+------------------+-----------+------------+----------------+


------------
; Flow Log ;
------------
quartus_map --read_settings_files=on --write_settings_files=off Sign_G -c Sign_G



